<?xml version="1.0" encoding="UTF-8"?>
<testng-results skipped="0" failed="0" ignored="0" total="1" passed="1">
  <reporter-output>
  </reporter-output>
  <suite name="Suite" duration-ms="47278" started-at="2019-11-13T15:04:37Z" finished-at="2019-11-13T15:05:24Z">
    <groups>
    </groups>
    <test name="Test" duration-ms="47278" started-at="2019-11-13T15:04:37Z" finished-at="2019-11-13T15:05:24Z">
      <class name="Selenium.Seleniumlinls">
        <test-method status="PASS" signature="beforeTest()[pri:0, instance:Selenium.Seleniumlinls@18be83e4]" name="beforeTest" is-config="true" duration-ms="7315" started-at="2019-11-13T20:34:37Z" finished-at="2019-11-13T20:34:44Z">
          <reporter-output>
          </reporter-output>
        </test-method> <!-- beforeTest -->
        <test-method status="PASS" signature="f()[pri:0, instance:Selenium.Seleniumlinls@18be83e4]" name="f" duration-ms="39075" started-at="2019-11-13T20:34:44Z" finished-at="2019-11-13T20:35:23Z">
          <reporter-output>
          </reporter-output>
        </test-method> <!-- f -->
        <test-method status="PASS" signature="afterTest()[pri:0, instance:Selenium.Seleniumlinls@18be83e4]" name="afterTest" is-config="true" duration-ms="801" started-at="2019-11-13T20:35:23Z" finished-at="2019-11-13T20:35:24Z">
          <reporter-output>
          </reporter-output>
        </test-method> <!-- afterTest -->
      </class> <!-- Selenium.Seleniumlinls -->
    </test> <!-- Test -->
  </suite> <!-- Suite -->
</testng-results>
