<?xml version="1.0" encoding="UTF-8"?>
<!-- Generated by org.testng.reporters.JUnitXMLReporter -->
<testsuite hostname="DESKTOP-8MPQ5J1" ignored="0" name="HMSREsults" tests="1" failures="1" timestamp="13 Nov 2019 14:52:43 GMT" time="26.826" errors="0">
  <testcase name="@AfterTest afterTest" time="0.0" classname="Webdriver.HMSRegistration">
    <failure type="java.lang.NullPointerException">
      <![CDATA[java.lang.NullPointerException
	at Webdriver.HMSRegistration.afterTest(HMSRegistration.java:47)
... Removed 23 stack frames]]>
    </failure>
  </testcase> <!-- @AfterTest afterTest -->
  <testcase name="Test" time="0.039" classname="Webdriver.HMSRegistration">
    <failure type="java.lang.NullPointerException">
      <![CDATA[java.lang.NullPointerException
	at Webdriver.HMSRegistration.Test(HMSRegistration.java:21)
... Removed 25 stack frames]]>
    </failure>
  </testcase> <!-- Test -->
</testsuite> <!-- HMSREsults -->
