<?xml version="1.0" encoding="UTF-8"?>
<testsuite xmlns:xsi="http://www.w3.org/2001/XMLSchema-instance" xsi:schemaLocation="https://maven.apache.org/surefire/maven-surefire-plugin/xsd/surefire-test-report.xsd" name="TestSuite" time="1.634" tests="3" errors="0" skipped="2" failures="1">
  <properties>
[...]
</properties>
  <testcase name="beforeTest" classname="Webdriver.HMSRegistration" time="1.073">
    <failure message="The driver executable does not exist: D:\Testing\Workspace\Spicejet\.\Lib\ChromeDriver\chromedriver.exe" type="java.lang.IllegalStateException">java.lang.IllegalStateException: The driver executable does not exist: D:\Testing\Workspace\Spicejet\.\Lib\ChromeDriver\chromedriver.exe
	at Webdriver.HMSRegistration.beforeTest(HMSRegistration.java:25)
</failure>
    <system-out><![CDATA[[TestNGContentHandler] [WARN] It is strongly recommended to add "<!DOCTYPE suite SYSTEM "http://testng.org/testng-1.0.dtd" >" at the top of your file, otherwise TestNG may fail or not work as expected.
]]></system-out>
  </testcase>
  <testcase name="Test" classname="Webdriver.HMSRegistration" time="0">
    <skipped message="The driver executable does not exist: D:\Testing\Workspace\Spicejet\.\Lib\ChromeDriver\chromedriver.exe"/>
  </testcase>
  <testcase name="afterTest" classname="Webdriver.HMSRegistration" time="0">
    <skipped/>
  </testcase>
</testsuite>