<?xml version="1.0" encoding="UTF-8"?>
<testng-results skipped="0" failed="0" ignored="0" total="2" passed="2">
  <reporter-output>
  </reporter-output>
  <suite name="Default suite" duration-ms="46449" started-at="2019-11-13T14:56:24Z" finished-at="2019-11-13T14:57:11Z">
    <groups>
    </groups>
    <test name="Default test" duration-ms="46449" started-at="2019-11-13T14:56:24Z" finished-at="2019-11-13T14:57:11Z">
      <class name="TestNG.Selenium4links">
        <test-method status="PASS" signature="beforeTest()[pri:0, instance:TestNG.Selenium4links@6a4f787b]" name="beforeTest" is-config="true" duration-ms="6681" started-at="2019-11-13T14:56:24Z" finished-at="2019-11-13T14:56:31Z">
          <reporter-output>
          </reporter-output>
        </test-method> <!-- beforeTest -->
        <test-method status="PASS" signature="f()[pri:0, instance:TestNG.Selenium4links@6a4f787b]" name="f" duration-ms="25596" started-at="2019-11-13T14:56:31Z" finished-at="2019-11-13T14:56:57Z">
          <reporter-output>
          </reporter-output>
        </test-method> <!-- f -->
        <test-method status="PASS" signature="g()[pri:0, instance:TestNG.Selenium4links@6a4f787b]" name="g" duration-ms="13257" started-at="2019-11-13T14:56:57Z" finished-at="2019-11-13T14:57:10Z">
          <reporter-output>
          </reporter-output>
        </test-method> <!-- g -->
        <test-method status="PASS" signature="afterTest()[pri:0, instance:TestNG.Selenium4links@6a4f787b]" name="afterTest" is-config="true" duration-ms="834" started-at="2019-11-13T14:57:10Z" finished-at="2019-11-13T14:57:11Z">
          <reporter-output>
          </reporter-output>
        </test-method> <!-- afterTest -->
      </class> <!-- TestNG.Selenium4links -->
    </test> <!-- Default test -->
  </suite> <!-- Default suite -->
</testng-results>
