<?xml version="1.0" encoding="UTF-8"?>
<!-- Generated by org.testng.reporters.JUnitXMLReporter -->
<testsuite hostname="DESKTOP-8MPQ5J1" ignored="0" name="HMSLogin_chrome" tests="1" failures="0" timestamp="08 Jul 2019 07:39:39 GMT" time="16.501" errors="0">
  <testcase name="@AfterTest afterTest" time="0.001" classname="TestNG.HMSregistration">
    <failure type="java.lang.NullPointerException">
      <![CDATA[java.lang.NullPointerException
at TestNG.HMSregistration.afterTest(HMSregistration.java:43)
at java.util.concurrent.FutureTask.run(Unknown Source)
at java.util.concurrent.ThreadPoolExecutor.runWorker(Unknown Source)
at java.util.concurrent.ThreadPoolExecutor$Worker.run(Unknown Source)
at java.lang.Thread.run(Unknown Source)
... Removed 15 stack frames]]>
    </failure>
  </testcase> <!-- @AfterTest afterTest -->
  <testcase name="Test" time="0.008" classname="TestNG.HMSregistration"/>
</testsuite> <!-- HMSLogin_chrome -->
